

[36m
*** Info ***
Using /home/xia/projects/kunpeng/test/tests/continue_simulation/restart_after_over_02/poly36_grtracker_cp/0010 for restart.[39m

Framework Information:
MOOSE Version:           git commit 59fb6b81d3 on 2021-03-23
LibMesh Version:         
PETSc Version:           3.14.2
SLEPc Version:           3.14.0
Current Time:            Sun Mar 28 10:08:30 2021
Executable Timestamp:    Fri Mar 26 22:51:36 2021

Parallelism:
  Num Processors:          10
  Num Threads:             1

Mesh: 
  Parallel Type:           replicated
  Mesh Dimension:          2
  Spatial Dimension:       2
  Nodes:                   
    Total:                 6561
    Local:                 685
  Elems:                   
    Total:                 6400
    Local:                 629
  Num Subdomains:          1
  Num Partitions:          10
  Partitioner:             metis

Nonlinear System:
  Num DOFs:                65610
  Num Local DOFs:          6850
  Variables:               { "gr0" "gr1" "gr2" "gr3" "gr4" "gr5" "gr6" "gr7" "disp_x" "disp_y" } 
  Finite Element Types:    "LAGRANGE" 
  Approximation Orders:    "FIRST" 

Auxiliary System:
  Num DOFs:                57761
  Num Local DOFs:          5717
  Variables:               "bnds" { "elastic_strain11" "elastic_strain22" "elastic_strain12" "unique_grains" 
                             "var_indices" "vonmises_stress" "C1111" "euler_angle" } 
  Finite Element Types:    "LAGRANGE" "MONOMIAL" 
  Approximation Orders:    "FIRST" "CONSTANT" 

Execution Information:
  Executioner:             Transient
  TimeStepper:             IterationAdaptiveDT
  Solver Mode:             Preconditioned JFNK
  MOOSE Preconditioner:    SMP


[36m
*** Info ***
/home/xia/projects/kunpeng/test/tests/continue_simulation/restart_after_over_02/poly_grain_growth_2D_eldrforce_restart.i:40: (UserObjects/voronoi/coloring_algorithm):
    The backtracking algorithm has exponential complexity. If you are using very few order parameters,
    or you have several hundred grains or more, you should use one of the PETSc coloring algorithms such as "jp".[39m
Initial adaptivity step 1 of 2                                                             [[33m  1.64 s[39m]
Initial adaptivity step 2 of 2                                                             [[33m  1.76 s[39m]

Grain Tracker Status:
Grains active index 0: 5 -> 5
Grains active index 1: 5 -> 5
Grains active index 2: 7 -> 7
Grains active index 3: 4 -> 4
Grains active index 4: 5 -> 5
Grains active index 5: 3 -> 3
Grains active index 6: 4 -> 4
Grains active index 7: 3 -> 3

Finished inside of GrainTracker


===================================================================================
=   BAD TERMINATION OF ONE OF YOUR APPLICATION PROCESSES
=   PID 64255 RUNNING AT xia-virtual-machine
=   EXIT CODE: 139
=   CLEANING UP REMAINING PROCESSES
=   YOU CAN IGNORE THE BELOW CLEANUP MESSAGES
===================================================================================
YOUR APPLICATION TERMINATED WITH THE EXIT STRING: Segmentation fault (signal 11)
This typically refers to a problem with your application.
Please see the FAQ page for debugging suggestions
